ERROR - 2024-03-23 12:45:23 --> Error connecting to the database: mysqli_sql_exception: Access denied for user ''@'localhost' (using password: NO) in C:\xampp\htdocs\University Work\Year 3, Term 2\Software development and improvement (Naruephon)\Ebook-Groupwork-Github\cig4ebook\system\Database\MySQLi\Connection.php:185
Stack trace:
#0 C:\xampp\htdocs\University Work\Year 3, Term 2\Software development and improvement (Naruephon)\Ebook-Groupwork-Github\cig4ebook\system\Database\MySQLi\Connection.php(185): mysqli->real_connect('localhost', '', '', 'swe2', 3306, '', 0)
#1 C:\xampp\htdocs\University Work\Year 3, Term 2\Software development and improvement (Naruephon)\Ebook-Groupwork-Github\cig4ebook\system\Database\BaseConnection.php(392): CodeIgniter\Database\MySQLi\Connection->connect(false)
#2 C:\xampp\htdocs\University Work\Year 3, Term 2\Software development and improvement (Naruephon)\Ebook-Groupwork-Github\cig4ebook\system\Database\BaseConnection.php(575): CodeIgniter\Database\BaseConnection->initialize()
#3 C:\xampp\htdocs\University Work\Year 3, Term 2\Software development and improvement (Naruephon)\Ebook-Groupwork-Github\cig4ebook\system\Database\BaseBuilder.php(1616): CodeIgniter\Database\BaseConnection->query('SELECT *\nFROM `...', Array, false)
#4 C:\xampp\htdocs\University Work\Year 3, Term 2\Software development and improvement (Naruephon)\Ebook-Groupwork-Github\cig4ebook\system\Model.php(242): CodeIgniter\Database\BaseBuilder->get()
#5 C:\xampp\htdocs\University Work\Year 3, Term 2\Software development and improvement (Naruephon)\Ebook-Groupwork-Github\cig4ebook\system\BaseModel.php(638): CodeIgniter\Model->doFindAll(0, 0)
#6 C:\xampp\htdocs\University Work\Year 3, Term 2\Software development and improvement (Naruephon)\Ebook-Groupwork-Github\cig4ebook\app\Controllers\Books.php(44): CodeIgniter\BaseModel->findAll()
#7 C:\xampp\htdocs\University Work\Year 3, Term 2\Software development and improvement (Naruephon)\Ebook-Groupwork-Github\cig4ebook\system\CodeIgniter.php(941): App\Controllers\Books->listBooks()
#8 C:\xampp\htdocs\University Work\Year 3, Term 2\Software development and improvement (Naruephon)\Ebook-Groupwork-Github\cig4ebook\system\CodeIgniter.php(502): CodeIgniter\CodeIgniter->runController(Object(App\Controllers\Books))
#9 C:\xampp\htdocs\University Work\Year 3, Term 2\Software development and improvement (Naruephon)\Ebook-Groupwork-Github\cig4ebook\system\CodeIgniter.php(361): CodeIgniter\CodeIgniter->handleRequest(NULL, Object(Config\Cache), false)
#10 C:\xampp\htdocs\University Work\Year 3, Term 2\Software development and improvement (Naruephon)\Ebook-Groupwork-Github\cig4ebook\public\index.php(79): CodeIgniter\CodeIgniter->run()
#11 C:\xampp\htdocs\University Work\Year 3, Term 2\Software development and improvement (Naruephon)\Ebook-Groupwork-Github\cig4ebook\system\Commands\Server\rewrite.php(47): require_once('C:\\xampp\\htdocs...')
#12 {main}

Next CodeIgniter\Database\Exceptions\DatabaseException: Access denied for user ''@'localhost' (using password: NO) in C:\xampp\htdocs\University Work\Year 3, Term 2\Software development and improvement (Naruephon)\Ebook-Groupwork-Github\cig4ebook\system\Database\MySQLi\Connection.php:229
Stack trace:
#0 C:\xampp\htdocs\University Work\Year 3, Term 2\Software development and improvement (Naruephon)\Ebook-Groupwork-Github\cig4ebook\system\Database\BaseConnection.php(392): CodeIgniter\Database\MySQLi\Connection->connect(false)
#1 C:\xampp\htdocs\University Work\Year 3, Term 2\Software development and improvement (Naruephon)\Ebook-Groupwork-Github\cig4ebook\system\Database\BaseConnection.php(575): CodeIgniter\Database\BaseConnection->initialize()
#2 C:\xampp\htdocs\University Work\Year 3, Term 2\Software development and improvement (Naruephon)\Ebook-Groupwork-Github\cig4ebook\system\Database\BaseBuilder.php(1616): CodeIgniter\Database\BaseConnection->query('SELECT *\nFROM `...', Array, false)
#3 C:\xampp\htdocs\University Work\Year 3, Term 2\Software development and improvement (Naruephon)\Ebook-Groupwork-Github\cig4ebook\system\Model.php(242): CodeIgniter\Database\BaseBuilder->get()
#4 C:\xampp\htdocs\University Work\Year 3, Term 2\Software development and improvement (Naruephon)\Ebook-Groupwork-Github\cig4ebook\system\BaseModel.php(638): CodeIgniter\Model->doFindAll(0, 0)
#5 C:\xampp\htdocs\University Work\Year 3, Term 2\Software development and improvement (Naruephon)\Ebook-Groupwork-Github\cig4ebook\app\Controllers\Books.php(44): CodeIgniter\BaseModel->findAll()
#6 C:\xampp\htdocs\University Work\Year 3, Term 2\Software development and improvement (Naruephon)\Ebook-Groupwork-Github\cig4ebook\system\CodeIgniter.php(941): App\Controllers\Books->listBooks()
#7 C:\xampp\htdocs\University Work\Year 3, Term 2\Software development and improvement (Naruephon)\Ebook-Groupwork-Github\cig4ebook\system\CodeIgniter.php(502): CodeIgniter\CodeIgniter->runController(Object(App\Controllers\Books))
#8 C:\xampp\htdocs\University Work\Year 3, Term 2\Software development and improvement (Naruephon)\Ebook-Groupwork-Github\cig4ebook\system\CodeIgniter.php(361): CodeIgniter\CodeIgniter->handleRequest(NULL, Object(Config\Cache), false)
#9 C:\xampp\htdocs\University Work\Year 3, Term 2\Software development and improvement (Naruephon)\Ebook-Groupwork-Github\cig4ebook\public\index.php(79): CodeIgniter\CodeIgniter->run()
#10 C:\xampp\htdocs\University Work\Year 3, Term 2\Software development and improvement (Naruephon)\Ebook-Groupwork-Github\cig4ebook\system\Commands\Server\rewrite.php(47): require_once('C:\\xampp\\htdocs...')
#11 {main}
CRITICAL - 2024-03-23 12:45:23 --> CodeIgniter\Database\Exceptions\DatabaseException: Unable to connect to the database.
Main connection [MySQLi]: Access denied for user ''@'localhost' (using password: NO)
in SYSTEMPATH\Database\BaseConnection.php on line 428.
 1 SYSTEMPATH\Database\BaseConnection.php(575): CodeIgniter\Database\BaseConnection->initialize()
 2 SYSTEMPATH\Database\BaseBuilder.php(1616): CodeIgniter\Database\BaseConnection->query('SELECT *
FROM `books`', [], false)
 3 SYSTEMPATH\Model.php(242): CodeIgniter\Database\BaseBuilder->get()
 4 SYSTEMPATH\BaseModel.php(638): CodeIgniter\Model->doFindAll(0, 0)
 5 APPPATH\Controllers\Books.php(44): CodeIgniter\BaseModel->findAll()
 6 SYSTEMPATH\CodeIgniter.php(941): App\Controllers\Books->listBooks()
 7 SYSTEMPATH\CodeIgniter.php(502): CodeIgniter\CodeIgniter->runController(Object(App\Controllers\Books))
 8 SYSTEMPATH\CodeIgniter.php(361): CodeIgniter\CodeIgniter->handleRequest(null, Object(Config\Cache), false)
 9 FCPATH\index.php(79): CodeIgniter\CodeIgniter->run()
10 SYSTEMPATH\Commands\Server\rewrite.php(47): require_once('C:\\xampp\\htdocs\\University Work\\Year 3, Term 2\\Software development and improvement (Naruephon)\\Ebook-Groupwork-Github\\cig4ebook\\public\\index.php')
