CRITICAL - 2024-03-24 13:44:12 --> Error: Call to a member function isValid() on null
in APPPATH\Controllers\Books.php on line 18.
 1 SYSTEMPATH\CodeIgniter.php(941): App\Controllers\Books->addBook()
 2 SYSTEMPATH\CodeIgniter.php(502): CodeIgniter\CodeIgniter->runController(Object(App\Controllers\Books))
 3 SYSTEMPATH\CodeIgniter.php(361): CodeIgniter\CodeIgniter->handleRequest(null, Object(Config\Cache), false)
 4 FCPATH\index.php(79): CodeIgniter\CodeIgniter->run()
 5 SYSTEMPATH\Commands\Server\rewrite.php(47): require_once('C:\\xampp\\htdocs\\University Work\\Year 3, Term 2\\Software development and improvement (Naruephon)\\Ebook-Groupwork-Github\\cig4ebook\\public\\index.php')
CRITICAL - 2024-03-24 13:47:13 --> Error: Call to a member function isValid() on null
in APPPATH\Controllers\Books.php on line 18.
 1 SYSTEMPATH\CodeIgniter.php(941): App\Controllers\Books->addBook()
 2 SYSTEMPATH\CodeIgniter.php(502): CodeIgniter\CodeIgniter->runController(Object(App\Controllers\Books))
 3 SYSTEMPATH\CodeIgniter.php(361): CodeIgniter\CodeIgniter->handleRequest(null, Object(Config\Cache), false)
 4 FCPATH\index.php(79): CodeIgniter\CodeIgniter->run()
 5 SYSTEMPATH\Commands\Server\rewrite.php(47): require_once('C:\\xampp\\htdocs\\University Work\\Year 3, Term 2\\Software development and improvement (Naruephon)\\Ebook-Groupwork-Github\\cig4ebook\\public\\index.php')
ERROR - 2024-03-24 13:54:36 --> mysqli_sql_exception: Column 'title' cannot be null in C:\xampp\htdocs\University Work\Year 3, Term 2\Software development and improvement (Naruephon)\Ebook-Groupwork-Github\cig4ebook\system\Database\MySQLi\Connection.php:306
Stack trace:
#0 C:\xampp\htdocs\University Work\Year 3, Term 2\Software development and improvement (Naruephon)\Ebook-Groupwork-Github\cig4ebook\system\Database\MySQLi\Connection.php(306): mysqli->query('INSERT INTO `bo...', 0)
#1 C:\xampp\htdocs\University Work\Year 3, Term 2\Software development and improvement (Naruephon)\Ebook-Groupwork-Github\cig4ebook\system\Database\BaseConnection.php(693): CodeIgniter\Database\MySQLi\Connection->execute('INSERT INTO `bo...')
#2 C:\xampp\htdocs\University Work\Year 3, Term 2\Software development and improvement (Naruephon)\Ebook-Groupwork-Github\cig4ebook\system\Database\BaseConnection.php(607): CodeIgniter\Database\BaseConnection->simpleQuery('INSERT INTO `bo...')
#3 C:\xampp\htdocs\University Work\Year 3, Term 2\Software development and improvement (Naruephon)\Ebook-Groupwork-Github\cig4ebook\system\Database\BaseBuilder.php(2307): CodeIgniter\Database\BaseConnection->query('INSERT INTO `bo...', Array, false)
#4 C:\xampp\htdocs\University Work\Year 3, Term 2\Software development and improvement (Naruephon)\Ebook-Groupwork-Github\cig4ebook\system\Model.php(326): CodeIgniter\Database\BaseBuilder->insert()
#5 C:\xampp\htdocs\University Work\Year 3, Term 2\Software development and improvement (Naruephon)\Ebook-Groupwork-Github\cig4ebook\system\BaseModel.php(802): CodeIgniter\Model->doInsert(Array)
#6 C:\xampp\htdocs\University Work\Year 3, Term 2\Software development and improvement (Naruephon)\Ebook-Groupwork-Github\cig4ebook\system\Model.php(744): CodeIgniter\BaseModel->insert(Array, false)
#7 C:\xampp\htdocs\University Work\Year 3, Term 2\Software development and improvement (Naruephon)\Ebook-Groupwork-Github\cig4ebook\system\BaseModel.php(713): CodeIgniter\Model->insert(Array, false)
#8 C:\xampp\htdocs\University Work\Year 3, Term 2\Software development and improvement (Naruephon)\Ebook-Groupwork-Github\cig4ebook\app\Controllers\Books.php(37): CodeIgniter\BaseModel->save(Array)
#9 C:\xampp\htdocs\University Work\Year 3, Term 2\Software development and improvement (Naruephon)\Ebook-Groupwork-Github\cig4ebook\system\CodeIgniter.php(941): App\Controllers\Books->addBook()
#10 C:\xampp\htdocs\University Work\Year 3, Term 2\Software development and improvement (Naruephon)\Ebook-Groupwork-Github\cig4ebook\system\CodeIgniter.php(502): CodeIgniter\CodeIgniter->runController(Object(App\Controllers\Books))
#11 C:\xampp\htdocs\University Work\Year 3, Term 2\Software development and improvement (Naruephon)\Ebook-Groupwork-Github\cig4ebook\system\CodeIgniter.php(361): CodeIgniter\CodeIgniter->handleRequest(NULL, Object(Config\Cache), false)
#12 C:\xampp\htdocs\University Work\Year 3, Term 2\Software development and improvement (Naruephon)\Ebook-Groupwork-Github\cig4ebook\public\index.php(79): CodeIgniter\CodeIgniter->run()
#13 C:\xampp\htdocs\University Work\Year 3, Term 2\Software development and improvement (Naruephon)\Ebook-Groupwork-Github\cig4ebook\system\Commands\Server\rewrite.php(47): require_once('C:\\xampp\\htdocs...')
#14 {main}
CRITICAL - 2024-03-24 13:54:36 --> CodeIgniter\Database\Exceptions\DatabaseException: Column 'title' cannot be null
in SYSTEMPATH\Database\BaseConnection.php on line 647.
 1 SYSTEMPATH\Database\BaseBuilder.php(2307): CodeIgniter\Database\BaseConnection->query('INSERT INTO `books` (`title`, `category`, `isbn`, `author`, `author_website`, `publisher`, `cover_image`, `is_sample`) VALUES (:title:, :category:, :isbn:, :author:, :author_website:, :publisher:, :cover_image:, :is_sample:)', [...], false)
 2 SYSTEMPATH\Model.php(326): CodeIgniter\Database\BaseBuilder->insert()
 3 SYSTEMPATH\BaseModel.php(802): CodeIgniter\Model->doInsert([...])
 4 SYSTEMPATH\Model.php(744): CodeIgniter\BaseModel->insert([...], false)
 5 SYSTEMPATH\BaseModel.php(713): CodeIgniter\Model->insert([...], false)
 6 APPPATH\Controllers\Books.php(37): CodeIgniter\BaseModel->save([...])
 7 SYSTEMPATH\CodeIgniter.php(941): App\Controllers\Books->addBook()
 8 SYSTEMPATH\CodeIgniter.php(502): CodeIgniter\CodeIgniter->runController(Object(App\Controllers\Books))
 9 SYSTEMPATH\CodeIgniter.php(361): CodeIgniter\CodeIgniter->handleRequest(null, Object(Config\Cache), false)
10 FCPATH\index.php(79): CodeIgniter\CodeIgniter->run()
11 SYSTEMPATH\Commands\Server\rewrite.php(47): require_once('C:\\xampp\\htdocs\\University Work\\Year 3, Term 2\\Software development and improvement (Naruephon)\\Ebook-Groupwork-Github\\cig4ebook\\public\\index.php')
CRITICAL - 2024-03-24 13:54:36 --> [Caused by] CodeIgniter\Database\Exceptions\DatabaseException: Column 'title' cannot be null
in SYSTEMPATH\Database\MySQLi\Connection.php on line 311.
 1 SYSTEMPATH\Database\BaseConnection.php(693): CodeIgniter\Database\MySQLi\Connection->execute('INSERT INTO `books` (`title`, `category`, `isbn`, `author`, `author_website`, `publisher`, `cover_image`, `is_sample`) VALUES (NULL, \'Software\', \'jyfjfyfyjfyjyjyjf\', \'grddrdrgdrg\', \'https://www.chulabook.com/computer/192222\', \'jfyjfyjjyjffj\', \'\', 0)')
 2 SYSTEMPATH\Database\BaseConnection.php(607): CodeIgniter\Database\BaseConnection->simpleQuery('INSERT INTO `books` (`title`, `category`, `isbn`, `author`, `author_website`, `publisher`, `cover_image`, `is_sample`) VALUES (NULL, \'Software\', \'jyfjfyfyjfyjyjyjf\', \'grddrdrgdrg\', \'https://www.chulabook.com/computer/192222\', \'jfyjfyjjyjffj\', \'\', 0)')
 3 SYSTEMPATH\Database\BaseBuilder.php(2307): CodeIgniter\Database\BaseConnection->query('INSERT INTO `books` (`title`, `category`, `isbn`, `author`, `author_website`, `publisher`, `cover_image`, `is_sample`) VALUES (:title:, :category:, :isbn:, :author:, :author_website:, :publisher:, :cover_image:, :is_sample:)', [...], false)
 4 SYSTEMPATH\Model.php(326): CodeIgniter\Database\BaseBuilder->insert()
 5 SYSTEMPATH\BaseModel.php(802): CodeIgniter\Model->doInsert([...])
 6 SYSTEMPATH\Model.php(744): CodeIgniter\BaseModel->insert([...], false)
 7 SYSTEMPATH\BaseModel.php(713): CodeIgniter\Model->insert([...], false)
 8 APPPATH\Controllers\Books.php(37): CodeIgniter\BaseModel->save([...])
 9 SYSTEMPATH\CodeIgniter.php(941): App\Controllers\Books->addBook()
10 SYSTEMPATH\CodeIgniter.php(502): CodeIgniter\CodeIgniter->runController(Object(App\Controllers\Books))
11 SYSTEMPATH\CodeIgniter.php(361): CodeIgniter\CodeIgniter->handleRequest(null, Object(Config\Cache), false)
12 FCPATH\index.php(79): CodeIgniter\CodeIgniter->run()
13 SYSTEMPATH\Commands\Server\rewrite.php(47): require_once('C:\\xampp\\htdocs\\University Work\\Year 3, Term 2\\Software development and improvement (Naruephon)\\Ebook-Groupwork-Github\\cig4ebook\\public\\index.php')
CRITICAL - 2024-03-24 13:54:36 --> [Caused by] mysqli_sql_exception: Column 'title' cannot be null
in SYSTEMPATH\Database\MySQLi\Connection.php on line 306.
 1 SYSTEMPATH\Database\MySQLi\Connection.php(306): mysqli->query('INSERT INTO `books` (`title`, `category`, `isbn`, `author`, `author_website`, `publisher`, `cover_image`, `is_sample`) VALUES (NULL, \'Software\', \'jyfjfyfyjfyjyjyjf\', \'grddrdrgdrg\', \'https://www.chulabook.com/computer/192222\', \'jfyjfyjjyjffj\', \'\', 0)', 0)
 2 SYSTEMPATH\Database\BaseConnection.php(693): CodeIgniter\Database\MySQLi\Connection->execute('INSERT INTO `books` (`title`, `category`, `isbn`, `author`, `author_website`, `publisher`, `cover_image`, `is_sample`) VALUES (NULL, \'Software\', \'jyfjfyfyjfyjyjyjf\', \'grddrdrgdrg\', \'https://www.chulabook.com/computer/192222\', \'jfyjfyjjyjffj\', \'\', 0)')
 3 SYSTEMPATH\Database\BaseConnection.php(607): CodeIgniter\Database\BaseConnection->simpleQuery('INSERT INTO `books` (`title`, `category`, `isbn`, `author`, `author_website`, `publisher`, `cover_image`, `is_sample`) VALUES (NULL, \'Software\', \'jyfjfyfyjfyjyjyjf\', \'grddrdrgdrg\', \'https://www.chulabook.com/computer/192222\', \'jfyjfyjjyjffj\', \'\', 0)')
 4 SYSTEMPATH\Database\BaseBuilder.php(2307): CodeIgniter\Database\BaseConnection->query('INSERT INTO `books` (`title`, `category`, `isbn`, `author`, `author_website`, `publisher`, `cover_image`, `is_sample`) VALUES (:title:, :category:, :isbn:, :author:, :author_website:, :publisher:, :cover_image:, :is_sample:)', [...], false)
 5 SYSTEMPATH\Model.php(326): CodeIgniter\Database\BaseBuilder->insert()
 6 SYSTEMPATH\BaseModel.php(802): CodeIgniter\Model->doInsert([...])
 7 SYSTEMPATH\Model.php(744): CodeIgniter\BaseModel->insert([...], false)
 8 SYSTEMPATH\BaseModel.php(713): CodeIgniter\Model->insert([...], false)
 9 APPPATH\Controllers\Books.php(37): CodeIgniter\BaseModel->save([...])
10 SYSTEMPATH\CodeIgniter.php(941): App\Controllers\Books->addBook()
11 SYSTEMPATH\CodeIgniter.php(502): CodeIgniter\CodeIgniter->runController(Object(App\Controllers\Books))
12 SYSTEMPATH\CodeIgniter.php(361): CodeIgniter\CodeIgniter->handleRequest(null, Object(Config\Cache), false)
13 FCPATH\index.php(79): CodeIgniter\CodeIgniter->run()
14 SYSTEMPATH\Commands\Server\rewrite.php(47): require_once('C:\\xampp\\htdocs\\University Work\\Year 3, Term 2\\Software development and improvement (Naruephon)\\Ebook-Groupwork-Github\\cig4ebook\\public\\index.php')
ERROR - 2024-03-24 15:01:54 --> mysqli_sql_exception: Duplicate entry 'jyfjfyfyjfyjyjyjf' for key 'isbn' in C:\xampp\htdocs\University Work\Year 3, Term 2\Software development and improvement (Naruephon)\Ebook-Groupwork-Github\cig4ebook\system\Database\MySQLi\Connection.php:306
Stack trace:
#0 C:\xampp\htdocs\University Work\Year 3, Term 2\Software development and improvement (Naruephon)\Ebook-Groupwork-Github\cig4ebook\system\Database\MySQLi\Connection.php(306): mysqli->query('INSERT INTO `bo...', 0)
#1 C:\xampp\htdocs\University Work\Year 3, Term 2\Software development and improvement (Naruephon)\Ebook-Groupwork-Github\cig4ebook\system\Database\BaseConnection.php(693): CodeIgniter\Database\MySQLi\Connection->execute('INSERT INTO `bo...')
#2 C:\xampp\htdocs\University Work\Year 3, Term 2\Software development and improvement (Naruephon)\Ebook-Groupwork-Github\cig4ebook\system\Database\BaseConnection.php(607): CodeIgniter\Database\BaseConnection->simpleQuery('INSERT INTO `bo...')
#3 C:\xampp\htdocs\University Work\Year 3, Term 2\Software development and improvement (Naruephon)\Ebook-Groupwork-Github\cig4ebook\system\Database\BaseBuilder.php(2307): CodeIgniter\Database\BaseConnection->query('INSERT INTO `bo...', Array, false)
#4 C:\xampp\htdocs\University Work\Year 3, Term 2\Software development and improvement (Naruephon)\Ebook-Groupwork-Github\cig4ebook\system\Model.php(326): CodeIgniter\Database\BaseBuilder->insert()
#5 C:\xampp\htdocs\University Work\Year 3, Term 2\Software development and improvement (Naruephon)\Ebook-Groupwork-Github\cig4ebook\system\BaseModel.php(802): CodeIgniter\Model->doInsert(Array)
#6 C:\xampp\htdocs\University Work\Year 3, Term 2\Software development and improvement (Naruephon)\Ebook-Groupwork-Github\cig4ebook\system\Model.php(744): CodeIgniter\BaseModel->insert(Array, false)
#7 C:\xampp\htdocs\University Work\Year 3, Term 2\Software development and improvement (Naruephon)\Ebook-Groupwork-Github\cig4ebook\system\BaseModel.php(713): CodeIgniter\Model->insert(Array, false)
#8 C:\xampp\htdocs\University Work\Year 3, Term 2\Software development and improvement (Naruephon)\Ebook-Groupwork-Github\cig4ebook\app\Controllers\Books.php(49): CodeIgniter\BaseModel->save(Array)
#9 C:\xampp\htdocs\University Work\Year 3, Term 2\Software development and improvement (Naruephon)\Ebook-Groupwork-Github\cig4ebook\system\CodeIgniter.php(941): App\Controllers\Books->addBook()
#10 C:\xampp\htdocs\University Work\Year 3, Term 2\Software development and improvement (Naruephon)\Ebook-Groupwork-Github\cig4ebook\system\CodeIgniter.php(502): CodeIgniter\CodeIgniter->runController(Object(App\Controllers\Books))
#11 C:\xampp\htdocs\University Work\Year 3, Term 2\Software development and improvement (Naruephon)\Ebook-Groupwork-Github\cig4ebook\system\CodeIgniter.php(361): CodeIgniter\CodeIgniter->handleRequest(NULL, Object(Config\Cache), false)
#12 C:\xampp\htdocs\University Work\Year 3, Term 2\Software development and improvement (Naruephon)\Ebook-Groupwork-Github\cig4ebook\public\index.php(79): CodeIgniter\CodeIgniter->run()
#13 C:\xampp\htdocs\University Work\Year 3, Term 2\Software development and improvement (Naruephon)\Ebook-Groupwork-Github\cig4ebook\system\Commands\Server\rewrite.php(47): require_once('C:\\xampp\\htdocs...')
#14 {main}
CRITICAL - 2024-03-24 15:01:54 --> CodeIgniter\Database\Exceptions\DatabaseException: Duplicate entry 'jyfjfyfyjfyjyjyjf' for key 'isbn'
in SYSTEMPATH\Database\BaseConnection.php on line 647.
 1 SYSTEMPATH\Database\BaseBuilder.php(2307): CodeIgniter\Database\BaseConnection->query('INSERT INTO `books` (`title`, `category`, `isbn`, `author`, `author_website`, `publisher`, `cover_image`, `is_sample`) VALUES (:title:, :category:, :isbn:, :author:, :author_website:, :publisher:, :cover_image:, :is_sample:)', [...], false)
 2 SYSTEMPATH\Model.php(326): CodeIgniter\Database\BaseBuilder->insert()
 3 SYSTEMPATH\BaseModel.php(802): CodeIgniter\Model->doInsert([...])
 4 SYSTEMPATH\Model.php(744): CodeIgniter\BaseModel->insert([...], false)
 5 SYSTEMPATH\BaseModel.php(713): CodeIgniter\Model->insert([...], false)
 6 APPPATH\Controllers\Books.php(49): CodeIgniter\BaseModel->save([...])
 7 SYSTEMPATH\CodeIgniter.php(941): App\Controllers\Books->addBook()
 8 SYSTEMPATH\CodeIgniter.php(502): CodeIgniter\CodeIgniter->runController(Object(App\Controllers\Books))
 9 SYSTEMPATH\CodeIgniter.php(361): CodeIgniter\CodeIgniter->handleRequest(null, Object(Config\Cache), false)
10 FCPATH\index.php(79): CodeIgniter\CodeIgniter->run()
11 SYSTEMPATH\Commands\Server\rewrite.php(47): require_once('C:\\xampp\\htdocs\\University Work\\Year 3, Term 2\\Software development and improvement (Naruephon)\\Ebook-Groupwork-Github\\cig4ebook\\public\\index.php')
CRITICAL - 2024-03-24 15:01:54 --> [Caused by] CodeIgniter\Database\Exceptions\DatabaseException: Duplicate entry 'jyfjfyfyjfyjyjyjf' for key 'isbn'
in SYSTEMPATH\Database\MySQLi\Connection.php on line 311.
 1 SYSTEMPATH\Database\BaseConnection.php(693): CodeIgniter\Database\MySQLi\Connection->execute('INSERT INTO `books` (`title`, `category`, `isbn`, `author`, `author_website`, `publisher`, `cover_image`, `is_sample`) VALUES (\'rwgegrreg\', \'computers\', \'jyfjfyfyjfyjyjyjf\', \'grddrdrgdrg\', \'https://www.chulabook.com/computer/192222\', \'jfyjfyjjyjffj\', \'1711292514_741dca480387b4ab7c86.jpg\', 0)')
 2 SYSTEMPATH\Database\BaseConnection.php(607): CodeIgniter\Database\BaseConnection->simpleQuery('INSERT INTO `books` (`title`, `category`, `isbn`, `author`, `author_website`, `publisher`, `cover_image`, `is_sample`) VALUES (\'rwgegrreg\', \'computers\', \'jyfjfyfyjfyjyjyjf\', \'grddrdrgdrg\', \'https://www.chulabook.com/computer/192222\', \'jfyjfyjjyjffj\', \'1711292514_741dca480387b4ab7c86.jpg\', 0)')
 3 SYSTEMPATH\Database\BaseBuilder.php(2307): CodeIgniter\Database\BaseConnection->query('INSERT INTO `books` (`title`, `category`, `isbn`, `author`, `author_website`, `publisher`, `cover_image`, `is_sample`) VALUES (:title:, :category:, :isbn:, :author:, :author_website:, :publisher:, :cover_image:, :is_sample:)', [...], false)
 4 SYSTEMPATH\Model.php(326): CodeIgniter\Database\BaseBuilder->insert()
 5 SYSTEMPATH\BaseModel.php(802): CodeIgniter\Model->doInsert([...])
 6 SYSTEMPATH\Model.php(744): CodeIgniter\BaseModel->insert([...], false)
 7 SYSTEMPATH\BaseModel.php(713): CodeIgniter\Model->insert([...], false)
 8 APPPATH\Controllers\Books.php(49): CodeIgniter\BaseModel->save([...])
 9 SYSTEMPATH\CodeIgniter.php(941): App\Controllers\Books->addBook()
10 SYSTEMPATH\CodeIgniter.php(502): CodeIgniter\CodeIgniter->runController(Object(App\Controllers\Books))
11 SYSTEMPATH\CodeIgniter.php(361): CodeIgniter\CodeIgniter->handleRequest(null, Object(Config\Cache), false)
12 FCPATH\index.php(79): CodeIgniter\CodeIgniter->run()
13 SYSTEMPATH\Commands\Server\rewrite.php(47): require_once('C:\\xampp\\htdocs\\University Work\\Year 3, Term 2\\Software development and improvement (Naruephon)\\Ebook-Groupwork-Github\\cig4ebook\\public\\index.php')
CRITICAL - 2024-03-24 15:01:54 --> [Caused by] mysqli_sql_exception: Duplicate entry 'jyfjfyfyjfyjyjyjf' for key 'isbn'
in SYSTEMPATH\Database\MySQLi\Connection.php on line 306.
 1 SYSTEMPATH\Database\MySQLi\Connection.php(306): mysqli->query('INSERT INTO `books` (`title`, `category`, `isbn`, `author`, `author_website`, `publisher`, `cover_image`, `is_sample`) VALUES (\'rwgegrreg\', \'computers\', \'jyfjfyfyjfyjyjyjf\', \'grddrdrgdrg\', \'https://www.chulabook.com/computer/192222\', \'jfyjfyjjyjffj\', \'1711292514_741dca480387b4ab7c86.jpg\', 0)', 0)
 2 SYSTEMPATH\Database\BaseConnection.php(693): CodeIgniter\Database\MySQLi\Connection->execute('INSERT INTO `books` (`title`, `category`, `isbn`, `author`, `author_website`, `publisher`, `cover_image`, `is_sample`) VALUES (\'rwgegrreg\', \'computers\', \'jyfjfyfyjfyjyjyjf\', \'grddrdrgdrg\', \'https://www.chulabook.com/computer/192222\', \'jfyjfyjjyjffj\', \'1711292514_741dca480387b4ab7c86.jpg\', 0)')
 3 SYSTEMPATH\Database\BaseConnection.php(607): CodeIgniter\Database\BaseConnection->simpleQuery('INSERT INTO `books` (`title`, `category`, `isbn`, `author`, `author_website`, `publisher`, `cover_image`, `is_sample`) VALUES (\'rwgegrreg\', \'computers\', \'jyfjfyfyjfyjyjyjf\', \'grddrdrgdrg\', \'https://www.chulabook.com/computer/192222\', \'jfyjfyjjyjffj\', \'1711292514_741dca480387b4ab7c86.jpg\', 0)')
 4 SYSTEMPATH\Database\BaseBuilder.php(2307): CodeIgniter\Database\BaseConnection->query('INSERT INTO `books` (`title`, `category`, `isbn`, `author`, `author_website`, `publisher`, `cover_image`, `is_sample`) VALUES (:title:, :category:, :isbn:, :author:, :author_website:, :publisher:, :cover_image:, :is_sample:)', [...], false)
 5 SYSTEMPATH\Model.php(326): CodeIgniter\Database\BaseBuilder->insert()
 6 SYSTEMPATH\BaseModel.php(802): CodeIgniter\Model->doInsert([...])
 7 SYSTEMPATH\Model.php(744): CodeIgniter\BaseModel->insert([...], false)
 8 SYSTEMPATH\BaseModel.php(713): CodeIgniter\Model->insert([...], false)
 9 APPPATH\Controllers\Books.php(49): CodeIgniter\BaseModel->save([...])
10 SYSTEMPATH\CodeIgniter.php(941): App\Controllers\Books->addBook()
11 SYSTEMPATH\CodeIgniter.php(502): CodeIgniter\CodeIgniter->runController(Object(App\Controllers\Books))
12 SYSTEMPATH\CodeIgniter.php(361): CodeIgniter\CodeIgniter->handleRequest(null, Object(Config\Cache), false)
13 FCPATH\index.php(79): CodeIgniter\CodeIgniter->run()
14 SYSTEMPATH\Commands\Server\rewrite.php(47): require_once('C:\\xampp\\htdocs\\University Work\\Year 3, Term 2\\Software development and improvement (Naruephon)\\Ebook-Groupwork-Github\\cig4ebook\\public\\index.php')
ERROR - 2024-03-24 15:04:38 --> mysqli_sql_exception: Duplicate entry 'jyfjfyfyjfyjyjyjf' for key 'isbn' in C:\xampp\htdocs\University Work\Year 3, Term 2\Software development and improvement (Naruephon)\Ebook-Groupwork-Github\cig4ebook\system\Database\MySQLi\Connection.php:306
Stack trace:
#0 C:\xampp\htdocs\University Work\Year 3, Term 2\Software development and improvement (Naruephon)\Ebook-Groupwork-Github\cig4ebook\system\Database\MySQLi\Connection.php(306): mysqli->query('INSERT INTO `bo...', 0)
#1 C:\xampp\htdocs\University Work\Year 3, Term 2\Software development and improvement (Naruephon)\Ebook-Groupwork-Github\cig4ebook\system\Database\BaseConnection.php(693): CodeIgniter\Database\MySQLi\Connection->execute('INSERT INTO `bo...')
#2 C:\xampp\htdocs\University Work\Year 3, Term 2\Software development and improvement (Naruephon)\Ebook-Groupwork-Github\cig4ebook\system\Database\BaseConnection.php(607): CodeIgniter\Database\BaseConnection->simpleQuery('INSERT INTO `bo...')
#3 C:\xampp\htdocs\University Work\Year 3, Term 2\Software development and improvement (Naruephon)\Ebook-Groupwork-Github\cig4ebook\system\Database\BaseBuilder.php(2307): CodeIgniter\Database\BaseConnection->query('INSERT INTO `bo...', Array, false)
#4 C:\xampp\htdocs\University Work\Year 3, Term 2\Software development and improvement (Naruephon)\Ebook-Groupwork-Github\cig4ebook\system\Model.php(326): CodeIgniter\Database\BaseBuilder->insert()
#5 C:\xampp\htdocs\University Work\Year 3, Term 2\Software development and improvement (Naruephon)\Ebook-Groupwork-Github\cig4ebook\system\BaseModel.php(802): CodeIgniter\Model->doInsert(Array)
#6 C:\xampp\htdocs\University Work\Year 3, Term 2\Software development and improvement (Naruephon)\Ebook-Groupwork-Github\cig4ebook\system\Model.php(744): CodeIgniter\BaseModel->insert(Array, false)
#7 C:\xampp\htdocs\University Work\Year 3, Term 2\Software development and improvement (Naruephon)\Ebook-Groupwork-Github\cig4ebook\system\BaseModel.php(713): CodeIgniter\Model->insert(Array, false)
#8 C:\xampp\htdocs\University Work\Year 3, Term 2\Software development and improvement (Naruephon)\Ebook-Groupwork-Github\cig4ebook\app\Controllers\Books.php(49): CodeIgniter\BaseModel->save(Array)
#9 C:\xampp\htdocs\University Work\Year 3, Term 2\Software development and improvement (Naruephon)\Ebook-Groupwork-Github\cig4ebook\system\CodeIgniter.php(941): App\Controllers\Books->addBook()
#10 C:\xampp\htdocs\University Work\Year 3, Term 2\Software development and improvement (Naruephon)\Ebook-Groupwork-Github\cig4ebook\system\CodeIgniter.php(502): CodeIgniter\CodeIgniter->runController(Object(App\Controllers\Books))
#11 C:\xampp\htdocs\University Work\Year 3, Term 2\Software development and improvement (Naruephon)\Ebook-Groupwork-Github\cig4ebook\system\CodeIgniter.php(361): CodeIgniter\CodeIgniter->handleRequest(NULL, Object(Config\Cache), false)
#12 C:\xampp\htdocs\University Work\Year 3, Term 2\Software development and improvement (Naruephon)\Ebook-Groupwork-Github\cig4ebook\public\index.php(79): CodeIgniter\CodeIgniter->run()
#13 C:\xampp\htdocs\University Work\Year 3, Term 2\Software development and improvement (Naruephon)\Ebook-Groupwork-Github\cig4ebook\system\Commands\Server\rewrite.php(47): require_once('C:\\xampp\\htdocs...')
#14 {main}
CRITICAL - 2024-03-24 15:04:38 --> CodeIgniter\Database\Exceptions\DatabaseException: Duplicate entry 'jyfjfyfyjfyjyjyjf' for key 'isbn'
in SYSTEMPATH\Database\BaseConnection.php on line 647.
 1 SYSTEMPATH\Database\BaseBuilder.php(2307): CodeIgniter\Database\BaseConnection->query('INSERT INTO `books` (`title`, `category`, `isbn`, `author`, `author_website`, `publisher`, `cover_image`, `is_sample`) VALUES (:title:, :category:, :isbn:, :author:, :author_website:, :publisher:, :cover_image:, :is_sample:)', [...], false)
 2 SYSTEMPATH\Model.php(326): CodeIgniter\Database\BaseBuilder->insert()
 3 SYSTEMPATH\BaseModel.php(802): CodeIgniter\Model->doInsert([...])
 4 SYSTEMPATH\Model.php(744): CodeIgniter\BaseModel->insert([...], false)
 5 SYSTEMPATH\BaseModel.php(713): CodeIgniter\Model->insert([...], false)
 6 APPPATH\Controllers\Books.php(49): CodeIgniter\BaseModel->save([...])
 7 SYSTEMPATH\CodeIgniter.php(941): App\Controllers\Books->addBook()
 8 SYSTEMPATH\CodeIgniter.php(502): CodeIgniter\CodeIgniter->runController(Object(App\Controllers\Books))
 9 SYSTEMPATH\CodeIgniter.php(361): CodeIgniter\CodeIgniter->handleRequest(null, Object(Config\Cache), false)
10 FCPATH\index.php(79): CodeIgniter\CodeIgniter->run()
11 SYSTEMPATH\Commands\Server\rewrite.php(47): require_once('C:\\xampp\\htdocs\\University Work\\Year 3, Term 2\\Software development and improvement (Naruephon)\\Ebook-Groupwork-Github\\cig4ebook\\public\\index.php')
CRITICAL - 2024-03-24 15:04:38 --> [Caused by] CodeIgniter\Database\Exceptions\DatabaseException: Duplicate entry 'jyfjfyfyjfyjyjyjf' for key 'isbn'
in SYSTEMPATH\Database\MySQLi\Connection.php on line 311.
 1 SYSTEMPATH\Database\BaseConnection.php(693): CodeIgniter\Database\MySQLi\Connection->execute('INSERT INTO `books` (`title`, `category`, `isbn`, `author`, `author_website`, `publisher`, `cover_image`, `is_sample`) VALUES (\'อหิหพิหพิด\', \'computers\', \'jyfjfyfyjfyjyjyjf\', \'grddrdrgdrg\', \'https://www.chulabook.com/computer/192222\', \'jfyjfyjjyjffj\', \'1711292678_c6e86baf259c7132d9f9.jpg\', 0)')
 2 SYSTEMPATH\Database\BaseConnection.php(607): CodeIgniter\Database\BaseConnection->simpleQuery('INSERT INTO `books` (`title`, `category`, `isbn`, `author`, `author_website`, `publisher`, `cover_image`, `is_sample`) VALUES (\'อหิหพิหพิด\', \'computers\', \'jyfjfyfyjfyjyjyjf\', \'grddrdrgdrg\', \'https://www.chulabook.com/computer/192222\', \'jfyjfyjjyjffj\', \'1711292678_c6e86baf259c7132d9f9.jpg\', 0)')
 3 SYSTEMPATH\Database\BaseBuilder.php(2307): CodeIgniter\Database\BaseConnection->query('INSERT INTO `books` (`title`, `category`, `isbn`, `author`, `author_website`, `publisher`, `cover_image`, `is_sample`) VALUES (:title:, :category:, :isbn:, :author:, :author_website:, :publisher:, :cover_image:, :is_sample:)', [...], false)
 4 SYSTEMPATH\Model.php(326): CodeIgniter\Database\BaseBuilder->insert()
 5 SYSTEMPATH\BaseModel.php(802): CodeIgniter\Model->doInsert([...])
 6 SYSTEMPATH\Model.php(744): CodeIgniter\BaseModel->insert([...], false)
 7 SYSTEMPATH\BaseModel.php(713): CodeIgniter\Model->insert([...], false)
 8 APPPATH\Controllers\Books.php(49): CodeIgniter\BaseModel->save([...])
 9 SYSTEMPATH\CodeIgniter.php(941): App\Controllers\Books->addBook()
10 SYSTEMPATH\CodeIgniter.php(502): CodeIgniter\CodeIgniter->runController(Object(App\Controllers\Books))
11 SYSTEMPATH\CodeIgniter.php(361): CodeIgniter\CodeIgniter->handleRequest(null, Object(Config\Cache), false)
12 FCPATH\index.php(79): CodeIgniter\CodeIgniter->run()
13 SYSTEMPATH\Commands\Server\rewrite.php(47): require_once('C:\\xampp\\htdocs\\University Work\\Year 3, Term 2\\Software development and improvement (Naruephon)\\Ebook-Groupwork-Github\\cig4ebook\\public\\index.php')
CRITICAL - 2024-03-24 15:04:38 --> [Caused by] mysqli_sql_exception: Duplicate entry 'jyfjfyfyjfyjyjyjf' for key 'isbn'
in SYSTEMPATH\Database\MySQLi\Connection.php on line 306.
 1 SYSTEMPATH\Database\MySQLi\Connection.php(306): mysqli->query('INSERT INTO `books` (`title`, `category`, `isbn`, `author`, `author_website`, `publisher`, `cover_image`, `is_sample`) VALUES (\'อหิหพิหพิด\', \'computers\', \'jyfjfyfyjfyjyjyjf\', \'grddrdrgdrg\', \'https://www.chulabook.com/computer/192222\', \'jfyjfyjjyjffj\', \'1711292678_c6e86baf259c7132d9f9.jpg\', 0)', 0)
 2 SYSTEMPATH\Database\BaseConnection.php(693): CodeIgniter\Database\MySQLi\Connection->execute('INSERT INTO `books` (`title`, `category`, `isbn`, `author`, `author_website`, `publisher`, `cover_image`, `is_sample`) VALUES (\'อหิหพิหพิด\', \'computers\', \'jyfjfyfyjfyjyjyjf\', \'grddrdrgdrg\', \'https://www.chulabook.com/computer/192222\', \'jfyjfyjjyjffj\', \'1711292678_c6e86baf259c7132d9f9.jpg\', 0)')
 3 SYSTEMPATH\Database\BaseConnection.php(607): CodeIgniter\Database\BaseConnection->simpleQuery('INSERT INTO `books` (`title`, `category`, `isbn`, `author`, `author_website`, `publisher`, `cover_image`, `is_sample`) VALUES (\'อหิหพิหพิด\', \'computers\', \'jyfjfyfyjfyjyjyjf\', \'grddrdrgdrg\', \'https://www.chulabook.com/computer/192222\', \'jfyjfyjjyjffj\', \'1711292678_c6e86baf259c7132d9f9.jpg\', 0)')
 4 SYSTEMPATH\Database\BaseBuilder.php(2307): CodeIgniter\Database\BaseConnection->query('INSERT INTO `books` (`title`, `category`, `isbn`, `author`, `author_website`, `publisher`, `cover_image`, `is_sample`) VALUES (:title:, :category:, :isbn:, :author:, :author_website:, :publisher:, :cover_image:, :is_sample:)', [...], false)
 5 SYSTEMPATH\Model.php(326): CodeIgniter\Database\BaseBuilder->insert()
 6 SYSTEMPATH\BaseModel.php(802): CodeIgniter\Model->doInsert([...])
 7 SYSTEMPATH\Model.php(744): CodeIgniter\BaseModel->insert([...], false)
 8 SYSTEMPATH\BaseModel.php(713): CodeIgniter\Model->insert([...], false)
 9 APPPATH\Controllers\Books.php(49): CodeIgniter\BaseModel->save([...])
10 SYSTEMPATH\CodeIgniter.php(941): App\Controllers\Books->addBook()
11 SYSTEMPATH\CodeIgniter.php(502): CodeIgniter\CodeIgniter->runController(Object(App\Controllers\Books))
12 SYSTEMPATH\CodeIgniter.php(361): CodeIgniter\CodeIgniter->handleRequest(null, Object(Config\Cache), false)
13 FCPATH\index.php(79): CodeIgniter\CodeIgniter->run()
14 SYSTEMPATH\Commands\Server\rewrite.php(47): require_once('C:\\xampp\\htdocs\\University Work\\Year 3, Term 2\\Software development and improvement (Naruephon)\\Ebook-Groupwork-Github\\cig4ebook\\public\\index.php')
ERROR - 2024-03-24 15:04:56 --> mysqli_sql_exception: Duplicate entry 'jyfjfyfyjfyjyjyjf' for key 'isbn' in C:\xampp\htdocs\University Work\Year 3, Term 2\Software development and improvement (Naruephon)\Ebook-Groupwork-Github\cig4ebook\system\Database\MySQLi\Connection.php:306
Stack trace:
#0 C:\xampp\htdocs\University Work\Year 3, Term 2\Software development and improvement (Naruephon)\Ebook-Groupwork-Github\cig4ebook\system\Database\MySQLi\Connection.php(306): mysqli->query('INSERT INTO `bo...', 0)
#1 C:\xampp\htdocs\University Work\Year 3, Term 2\Software development and improvement (Naruephon)\Ebook-Groupwork-Github\cig4ebook\system\Database\BaseConnection.php(693): CodeIgniter\Database\MySQLi\Connection->execute('INSERT INTO `bo...')
#2 C:\xampp\htdocs\University Work\Year 3, Term 2\Software development and improvement (Naruephon)\Ebook-Groupwork-Github\cig4ebook\system\Database\BaseConnection.php(607): CodeIgniter\Database\BaseConnection->simpleQuery('INSERT INTO `bo...')
#3 C:\xampp\htdocs\University Work\Year 3, Term 2\Software development and improvement (Naruephon)\Ebook-Groupwork-Github\cig4ebook\system\Database\BaseBuilder.php(2307): CodeIgniter\Database\BaseConnection->query('INSERT INTO `bo...', Array, false)
#4 C:\xampp\htdocs\University Work\Year 3, Term 2\Software development and improvement (Naruephon)\Ebook-Groupwork-Github\cig4ebook\system\Model.php(326): CodeIgniter\Database\BaseBuilder->insert()
#5 C:\xampp\htdocs\University Work\Year 3, Term 2\Software development and improvement (Naruephon)\Ebook-Groupwork-Github\cig4ebook\system\BaseModel.php(802): CodeIgniter\Model->doInsert(Array)
#6 C:\xampp\htdocs\University Work\Year 3, Term 2\Software development and improvement (Naruephon)\Ebook-Groupwork-Github\cig4ebook\system\Model.php(744): CodeIgniter\BaseModel->insert(Array, false)
#7 C:\xampp\htdocs\University Work\Year 3, Term 2\Software development and improvement (Naruephon)\Ebook-Groupwork-Github\cig4ebook\system\BaseModel.php(713): CodeIgniter\Model->insert(Array, false)
#8 C:\xampp\htdocs\University Work\Year 3, Term 2\Software development and improvement (Naruephon)\Ebook-Groupwork-Github\cig4ebook\app\Controllers\Books.php(49): CodeIgniter\BaseModel->save(Array)
#9 C:\xampp\htdocs\University Work\Year 3, Term 2\Software development and improvement (Naruephon)\Ebook-Groupwork-Github\cig4ebook\system\CodeIgniter.php(941): App\Controllers\Books->addBook()
#10 C:\xampp\htdocs\University Work\Year 3, Term 2\Software development and improvement (Naruephon)\Ebook-Groupwork-Github\cig4ebook\system\CodeIgniter.php(502): CodeIgniter\CodeIgniter->runController(Object(App\Controllers\Books))
#11 C:\xampp\htdocs\University Work\Year 3, Term 2\Software development and improvement (Naruephon)\Ebook-Groupwork-Github\cig4ebook\system\CodeIgniter.php(361): CodeIgniter\CodeIgniter->handleRequest(NULL, Object(Config\Cache), false)
#12 C:\xampp\htdocs\University Work\Year 3, Term 2\Software development and improvement (Naruephon)\Ebook-Groupwork-Github\cig4ebook\public\index.php(79): CodeIgniter\CodeIgniter->run()
#13 C:\xampp\htdocs\University Work\Year 3, Term 2\Software development and improvement (Naruephon)\Ebook-Groupwork-Github\cig4ebook\system\Commands\Server\rewrite.php(47): require_once('C:\\xampp\\htdocs...')
#14 {main}
CRITICAL - 2024-03-24 15:04:56 --> CodeIgniter\Database\Exceptions\DatabaseException: Duplicate entry 'jyfjfyfyjfyjyjyjf' for key 'isbn'
in SYSTEMPATH\Database\BaseConnection.php on line 647.
 1 SYSTEMPATH\Database\BaseBuilder.php(2307): CodeIgniter\Database\BaseConnection->query('INSERT INTO `books` (`title`, `category`, `isbn`, `author`, `author_website`, `publisher`, `cover_image`, `is_sample`) VALUES (:title:, :category:, :isbn:, :author:, :author_website:, :publisher:, :cover_image:, :is_sample:)', [...], false)
 2 SYSTEMPATH\Model.php(326): CodeIgniter\Database\BaseBuilder->insert()
 3 SYSTEMPATH\BaseModel.php(802): CodeIgniter\Model->doInsert([...])
 4 SYSTEMPATH\Model.php(744): CodeIgniter\BaseModel->insert([...], false)
 5 SYSTEMPATH\BaseModel.php(713): CodeIgniter\Model->insert([...], false)
 6 APPPATH\Controllers\Books.php(49): CodeIgniter\BaseModel->save([...])
 7 SYSTEMPATH\CodeIgniter.php(941): App\Controllers\Books->addBook()
 8 SYSTEMPATH\CodeIgniter.php(502): CodeIgniter\CodeIgniter->runController(Object(App\Controllers\Books))
 9 SYSTEMPATH\CodeIgniter.php(361): CodeIgniter\CodeIgniter->handleRequest(null, Object(Config\Cache), false)
10 FCPATH\index.php(79): CodeIgniter\CodeIgniter->run()
11 SYSTEMPATH\Commands\Server\rewrite.php(47): require_once('C:\\xampp\\htdocs\\University Work\\Year 3, Term 2\\Software development and improvement (Naruephon)\\Ebook-Groupwork-Github\\cig4ebook\\public\\index.php')
CRITICAL - 2024-03-24 15:04:56 --> [Caused by] CodeIgniter\Database\Exceptions\DatabaseException: Duplicate entry 'jyfjfyfyjfyjyjyjf' for key 'isbn'
in SYSTEMPATH\Database\MySQLi\Connection.php on line 311.
 1 SYSTEMPATH\Database\BaseConnection.php(693): CodeIgniter\Database\MySQLi\Connection->execute('INSERT INTO `books` (`title`, `category`, `isbn`, `author`, `author_website`, `publisher`, `cover_image`, `is_sample`) VALUES (\'อหิหพิหพิด\', \'computers\', \'jyfjfyfyjfyjyjyjf\', \'grddrdrgdrg\', \'https://www.chulabook.com/computer/192222\', \'jfyjfyjjyjffj\', \'1711292696_2f772a8d86431a1fb49d.jpg\', 0)')
 2 SYSTEMPATH\Database\BaseConnection.php(607): CodeIgniter\Database\BaseConnection->simpleQuery('INSERT INTO `books` (`title`, `category`, `isbn`, `author`, `author_website`, `publisher`, `cover_image`, `is_sample`) VALUES (\'อหิหพิหพิด\', \'computers\', \'jyfjfyfyjfyjyjyjf\', \'grddrdrgdrg\', \'https://www.chulabook.com/computer/192222\', \'jfyjfyjjyjffj\', \'1711292696_2f772a8d86431a1fb49d.jpg\', 0)')
 3 SYSTEMPATH\Database\BaseBuilder.php(2307): CodeIgniter\Database\BaseConnection->query('INSERT INTO `books` (`title`, `category`, `isbn`, `author`, `author_website`, `publisher`, `cover_image`, `is_sample`) VALUES (:title:, :category:, :isbn:, :author:, :author_website:, :publisher:, :cover_image:, :is_sample:)', [...], false)
 4 SYSTEMPATH\Model.php(326): CodeIgniter\Database\BaseBuilder->insert()
 5 SYSTEMPATH\BaseModel.php(802): CodeIgniter\Model->doInsert([...])
 6 SYSTEMPATH\Model.php(744): CodeIgniter\BaseModel->insert([...], false)
 7 SYSTEMPATH\BaseModel.php(713): CodeIgniter\Model->insert([...], false)
 8 APPPATH\Controllers\Books.php(49): CodeIgniter\BaseModel->save([...])
 9 SYSTEMPATH\CodeIgniter.php(941): App\Controllers\Books->addBook()
10 SYSTEMPATH\CodeIgniter.php(502): CodeIgniter\CodeIgniter->runController(Object(App\Controllers\Books))
11 SYSTEMPATH\CodeIgniter.php(361): CodeIgniter\CodeIgniter->handleRequest(null, Object(Config\Cache), false)
12 FCPATH\index.php(79): CodeIgniter\CodeIgniter->run()
13 SYSTEMPATH\Commands\Server\rewrite.php(47): require_once('C:\\xampp\\htdocs\\University Work\\Year 3, Term 2\\Software development and improvement (Naruephon)\\Ebook-Groupwork-Github\\cig4ebook\\public\\index.php')
CRITICAL - 2024-03-24 15:04:56 --> [Caused by] mysqli_sql_exception: Duplicate entry 'jyfjfyfyjfyjyjyjf' for key 'isbn'
in SYSTEMPATH\Database\MySQLi\Connection.php on line 306.
 1 SYSTEMPATH\Database\MySQLi\Connection.php(306): mysqli->query('INSERT INTO `books` (`title`, `category`, `isbn`, `author`, `author_website`, `publisher`, `cover_image`, `is_sample`) VALUES (\'อหิหพิหพิด\', \'computers\', \'jyfjfyfyjfyjyjyjf\', \'grddrdrgdrg\', \'https://www.chulabook.com/computer/192222\', \'jfyjfyjjyjffj\', \'1711292696_2f772a8d86431a1fb49d.jpg\', 0)', 0)
 2 SYSTEMPATH\Database\BaseConnection.php(693): CodeIgniter\Database\MySQLi\Connection->execute('INSERT INTO `books` (`title`, `category`, `isbn`, `author`, `author_website`, `publisher`, `cover_image`, `is_sample`) VALUES (\'อหิหพิหพิด\', \'computers\', \'jyfjfyfyjfyjyjyjf\', \'grddrdrgdrg\', \'https://www.chulabook.com/computer/192222\', \'jfyjfyjjyjffj\', \'1711292696_2f772a8d86431a1fb49d.jpg\', 0)')
 3 SYSTEMPATH\Database\BaseConnection.php(607): CodeIgniter\Database\BaseConnection->simpleQuery('INSERT INTO `books` (`title`, `category`, `isbn`, `author`, `author_website`, `publisher`, `cover_image`, `is_sample`) VALUES (\'อหิหพิหพิด\', \'computers\', \'jyfjfyfyjfyjyjyjf\', \'grddrdrgdrg\', \'https://www.chulabook.com/computer/192222\', \'jfyjfyjjyjffj\', \'1711292696_2f772a8d86431a1fb49d.jpg\', 0)')
 4 SYSTEMPATH\Database\BaseBuilder.php(2307): CodeIgniter\Database\BaseConnection->query('INSERT INTO `books` (`title`, `category`, `isbn`, `author`, `author_website`, `publisher`, `cover_image`, `is_sample`) VALUES (:title:, :category:, :isbn:, :author:, :author_website:, :publisher:, :cover_image:, :is_sample:)', [...], false)
 5 SYSTEMPATH\Model.php(326): CodeIgniter\Database\BaseBuilder->insert()
 6 SYSTEMPATH\BaseModel.php(802): CodeIgniter\Model->doInsert([...])
 7 SYSTEMPATH\Model.php(744): CodeIgniter\BaseModel->insert([...], false)
 8 SYSTEMPATH\BaseModel.php(713): CodeIgniter\Model->insert([...], false)
 9 APPPATH\Controllers\Books.php(49): CodeIgniter\BaseModel->save([...])
10 SYSTEMPATH\CodeIgniter.php(941): App\Controllers\Books->addBook()
11 SYSTEMPATH\CodeIgniter.php(502): CodeIgniter\CodeIgniter->runController(Object(App\Controllers\Books))
12 SYSTEMPATH\CodeIgniter.php(361): CodeIgniter\CodeIgniter->handleRequest(null, Object(Config\Cache), false)
13 FCPATH\index.php(79): CodeIgniter\CodeIgniter->run()
14 SYSTEMPATH\Commands\Server\rewrite.php(47): require_once('C:\\xampp\\htdocs\\University Work\\Year 3, Term 2\\Software development and improvement (Naruephon)\\Ebook-Groupwork-Github\\cig4ebook\\public\\index.php')
ERROR - 2024-03-24 15:04:58 --> mysqli_sql_exception: Duplicate entry 'jyfjfyfyjfyjyjyjf' for key 'isbn' in C:\xampp\htdocs\University Work\Year 3, Term 2\Software development and improvement (Naruephon)\Ebook-Groupwork-Github\cig4ebook\system\Database\MySQLi\Connection.php:306
Stack trace:
#0 C:\xampp\htdocs\University Work\Year 3, Term 2\Software development and improvement (Naruephon)\Ebook-Groupwork-Github\cig4ebook\system\Database\MySQLi\Connection.php(306): mysqli->query('INSERT INTO `bo...', 0)
#1 C:\xampp\htdocs\University Work\Year 3, Term 2\Software development and improvement (Naruephon)\Ebook-Groupwork-Github\cig4ebook\system\Database\BaseConnection.php(693): CodeIgniter\Database\MySQLi\Connection->execute('INSERT INTO `bo...')
#2 C:\xampp\htdocs\University Work\Year 3, Term 2\Software development and improvement (Naruephon)\Ebook-Groupwork-Github\cig4ebook\system\Database\BaseConnection.php(607): CodeIgniter\Database\BaseConnection->simpleQuery('INSERT INTO `bo...')
#3 C:\xampp\htdocs\University Work\Year 3, Term 2\Software development and improvement (Naruephon)\Ebook-Groupwork-Github\cig4ebook\system\Database\BaseBuilder.php(2307): CodeIgniter\Database\BaseConnection->query('INSERT INTO `bo...', Array, false)
#4 C:\xampp\htdocs\University Work\Year 3, Term 2\Software development and improvement (Naruephon)\Ebook-Groupwork-Github\cig4ebook\system\Model.php(326): CodeIgniter\Database\BaseBuilder->insert()
#5 C:\xampp\htdocs\University Work\Year 3, Term 2\Software development and improvement (Naruephon)\Ebook-Groupwork-Github\cig4ebook\system\BaseModel.php(802): CodeIgniter\Model->doInsert(Array)
#6 C:\xampp\htdocs\University Work\Year 3, Term 2\Software development and improvement (Naruephon)\Ebook-Groupwork-Github\cig4ebook\system\Model.php(744): CodeIgniter\BaseModel->insert(Array, false)
#7 C:\xampp\htdocs\University Work\Year 3, Term 2\Software development and improvement (Naruephon)\Ebook-Groupwork-Github\cig4ebook\system\BaseModel.php(713): CodeIgniter\Model->insert(Array, false)
#8 C:\xampp\htdocs\University Work\Year 3, Term 2\Software development and improvement (Naruephon)\Ebook-Groupwork-Github\cig4ebook\app\Controllers\Books.php(49): CodeIgniter\BaseModel->save(Array)
#9 C:\xampp\htdocs\University Work\Year 3, Term 2\Software development and improvement (Naruephon)\Ebook-Groupwork-Github\cig4ebook\system\CodeIgniter.php(941): App\Controllers\Books->addBook()
#10 C:\xampp\htdocs\University Work\Year 3, Term 2\Software development and improvement (Naruephon)\Ebook-Groupwork-Github\cig4ebook\system\CodeIgniter.php(502): CodeIgniter\CodeIgniter->runController(Object(App\Controllers\Books))
#11 C:\xampp\htdocs\University Work\Year 3, Term 2\Software development and improvement (Naruephon)\Ebook-Groupwork-Github\cig4ebook\system\CodeIgniter.php(361): CodeIgniter\CodeIgniter->handleRequest(NULL, Object(Config\Cache), false)
#12 C:\xampp\htdocs\University Work\Year 3, Term 2\Software development and improvement (Naruephon)\Ebook-Groupwork-Github\cig4ebook\public\index.php(79): CodeIgniter\CodeIgniter->run()
#13 C:\xampp\htdocs\University Work\Year 3, Term 2\Software development and improvement (Naruephon)\Ebook-Groupwork-Github\cig4ebook\system\Commands\Server\rewrite.php(47): require_once('C:\\xampp\\htdocs...')
#14 {main}
CRITICAL - 2024-03-24 15:04:58 --> CodeIgniter\Database\Exceptions\DatabaseException: Duplicate entry 'jyfjfyfyjfyjyjyjf' for key 'isbn'
in SYSTEMPATH\Database\BaseConnection.php on line 647.
 1 SYSTEMPATH\Database\BaseBuilder.php(2307): CodeIgniter\Database\BaseConnection->query('INSERT INTO `books` (`title`, `category`, `isbn`, `author`, `author_website`, `publisher`, `cover_image`, `is_sample`) VALUES (:title:, :category:, :isbn:, :author:, :author_website:, :publisher:, :cover_image:, :is_sample:)', [...], false)
 2 SYSTEMPATH\Model.php(326): CodeIgniter\Database\BaseBuilder->insert()
 3 SYSTEMPATH\BaseModel.php(802): CodeIgniter\Model->doInsert([...])
 4 SYSTEMPATH\Model.php(744): CodeIgniter\BaseModel->insert([...], false)
 5 SYSTEMPATH\BaseModel.php(713): CodeIgniter\Model->insert([...], false)
 6 APPPATH\Controllers\Books.php(49): CodeIgniter\BaseModel->save([...])
 7 SYSTEMPATH\CodeIgniter.php(941): App\Controllers\Books->addBook()
 8 SYSTEMPATH\CodeIgniter.php(502): CodeIgniter\CodeIgniter->runController(Object(App\Controllers\Books))
 9 SYSTEMPATH\CodeIgniter.php(361): CodeIgniter\CodeIgniter->handleRequest(null, Object(Config\Cache), false)
10 FCPATH\index.php(79): CodeIgniter\CodeIgniter->run()
11 SYSTEMPATH\Commands\Server\rewrite.php(47): require_once('C:\\xampp\\htdocs\\University Work\\Year 3, Term 2\\Software development and improvement (Naruephon)\\Ebook-Groupwork-Github\\cig4ebook\\public\\index.php')
CRITICAL - 2024-03-24 15:04:58 --> [Caused by] CodeIgniter\Database\Exceptions\DatabaseException: Duplicate entry 'jyfjfyfyjfyjyjyjf' for key 'isbn'
in SYSTEMPATH\Database\MySQLi\Connection.php on line 311.
 1 SYSTEMPATH\Database\BaseConnection.php(693): CodeIgniter\Database\MySQLi\Connection->execute('INSERT INTO `books` (`title`, `category`, `isbn`, `author`, `author_website`, `publisher`, `cover_image`, `is_sample`) VALUES (\'อหิหพิหพิด\', \'computers\', \'jyfjfyfyjfyjyjyjf\', \'grddrdrgdrg\', \'https://www.chulabook.com/computer/192222\', \'jfyjfyjjyjffj\', \'1711292698_a6eecd664891504eeeaa.jpg\', 0)')
 2 SYSTEMPATH\Database\BaseConnection.php(607): CodeIgniter\Database\BaseConnection->simpleQuery('INSERT INTO `books` (`title`, `category`, `isbn`, `author`, `author_website`, `publisher`, `cover_image`, `is_sample`) VALUES (\'อหิหพิหพิด\', \'computers\', \'jyfjfyfyjfyjyjyjf\', \'grddrdrgdrg\', \'https://www.chulabook.com/computer/192222\', \'jfyjfyjjyjffj\', \'1711292698_a6eecd664891504eeeaa.jpg\', 0)')
 3 SYSTEMPATH\Database\BaseBuilder.php(2307): CodeIgniter\Database\BaseConnection->query('INSERT INTO `books` (`title`, `category`, `isbn`, `author`, `author_website`, `publisher`, `cover_image`, `is_sample`) VALUES (:title:, :category:, :isbn:, :author:, :author_website:, :publisher:, :cover_image:, :is_sample:)', [...], false)
 4 SYSTEMPATH\Model.php(326): CodeIgniter\Database\BaseBuilder->insert()
 5 SYSTEMPATH\BaseModel.php(802): CodeIgniter\Model->doInsert([...])
 6 SYSTEMPATH\Model.php(744): CodeIgniter\BaseModel->insert([...], false)
 7 SYSTEMPATH\BaseModel.php(713): CodeIgniter\Model->insert([...], false)
 8 APPPATH\Controllers\Books.php(49): CodeIgniter\BaseModel->save([...])
 9 SYSTEMPATH\CodeIgniter.php(941): App\Controllers\Books->addBook()
10 SYSTEMPATH\CodeIgniter.php(502): CodeIgniter\CodeIgniter->runController(Object(App\Controllers\Books))
11 SYSTEMPATH\CodeIgniter.php(361): CodeIgniter\CodeIgniter->handleRequest(null, Object(Config\Cache), false)
12 FCPATH\index.php(79): CodeIgniter\CodeIgniter->run()
13 SYSTEMPATH\Commands\Server\rewrite.php(47): require_once('C:\\xampp\\htdocs\\University Work\\Year 3, Term 2\\Software development and improvement (Naruephon)\\Ebook-Groupwork-Github\\cig4ebook\\public\\index.php')
CRITICAL - 2024-03-24 15:04:58 --> [Caused by] mysqli_sql_exception: Duplicate entry 'jyfjfyfyjfyjyjyjf' for key 'isbn'
in SYSTEMPATH\Database\MySQLi\Connection.php on line 306.
 1 SYSTEMPATH\Database\MySQLi\Connection.php(306): mysqli->query('INSERT INTO `books` (`title`, `category`, `isbn`, `author`, `author_website`, `publisher`, `cover_image`, `is_sample`) VALUES (\'อหิหพิหพิด\', \'computers\', \'jyfjfyfyjfyjyjyjf\', \'grddrdrgdrg\', \'https://www.chulabook.com/computer/192222\', \'jfyjfyjjyjffj\', \'1711292698_a6eecd664891504eeeaa.jpg\', 0)', 0)
 2 SYSTEMPATH\Database\BaseConnection.php(693): CodeIgniter\Database\MySQLi\Connection->execute('INSERT INTO `books` (`title`, `category`, `isbn`, `author`, `author_website`, `publisher`, `cover_image`, `is_sample`) VALUES (\'อหิหพิหพิด\', \'computers\', \'jyfjfyfyjfyjyjyjf\', \'grddrdrgdrg\', \'https://www.chulabook.com/computer/192222\', \'jfyjfyjjyjffj\', \'1711292698_a6eecd664891504eeeaa.jpg\', 0)')
 3 SYSTEMPATH\Database\BaseConnection.php(607): CodeIgniter\Database\BaseConnection->simpleQuery('INSERT INTO `books` (`title`, `category`, `isbn`, `author`, `author_website`, `publisher`, `cover_image`, `is_sample`) VALUES (\'อหิหพิหพิด\', \'computers\', \'jyfjfyfyjfyjyjyjf\', \'grddrdrgdrg\', \'https://www.chulabook.com/computer/192222\', \'jfyjfyjjyjffj\', \'1711292698_a6eecd664891504eeeaa.jpg\', 0)')
 4 SYSTEMPATH\Database\BaseBuilder.php(2307): CodeIgniter\Database\BaseConnection->query('INSERT INTO `books` (`title`, `category`, `isbn`, `author`, `author_website`, `publisher`, `cover_image`, `is_sample`) VALUES (:title:, :category:, :isbn:, :author:, :author_website:, :publisher:, :cover_image:, :is_sample:)', [...], false)
 5 SYSTEMPATH\Model.php(326): CodeIgniter\Database\BaseBuilder->insert()
 6 SYSTEMPATH\BaseModel.php(802): CodeIgniter\Model->doInsert([...])
 7 SYSTEMPATH\Model.php(744): CodeIgniter\BaseModel->insert([...], false)
 8 SYSTEMPATH\BaseModel.php(713): CodeIgniter\Model->insert([...], false)
 9 APPPATH\Controllers\Books.php(49): CodeIgniter\BaseModel->save([...])
10 SYSTEMPATH\CodeIgniter.php(941): App\Controllers\Books->addBook()
11 SYSTEMPATH\CodeIgniter.php(502): CodeIgniter\CodeIgniter->runController(Object(App\Controllers\Books))
12 SYSTEMPATH\CodeIgniter.php(361): CodeIgniter\CodeIgniter->handleRequest(null, Object(Config\Cache), false)
13 FCPATH\index.php(79): CodeIgniter\CodeIgniter->run()
14 SYSTEMPATH\Commands\Server\rewrite.php(47): require_once('C:\\xampp\\htdocs\\University Work\\Year 3, Term 2\\Software development and improvement (Naruephon)\\Ebook-Groupwork-Github\\cig4ebook\\public\\index.php')
ERROR - 2024-03-24 15:05:46 --> mysqli_sql_exception: Duplicate entry 'jyfjfyfyjfyjyjyjf' for key 'isbn' in C:\xampp\htdocs\University Work\Year 3, Term 2\Software development and improvement (Naruephon)\Ebook-Groupwork-Github\cig4ebook\system\Database\MySQLi\Connection.php:306
Stack trace:
#0 C:\xampp\htdocs\University Work\Year 3, Term 2\Software development and improvement (Naruephon)\Ebook-Groupwork-Github\cig4ebook\system\Database\MySQLi\Connection.php(306): mysqli->query('INSERT INTO `bo...', 0)
#1 C:\xampp\htdocs\University Work\Year 3, Term 2\Software development and improvement (Naruephon)\Ebook-Groupwork-Github\cig4ebook\system\Database\BaseConnection.php(693): CodeIgniter\Database\MySQLi\Connection->execute('INSERT INTO `bo...')
#2 C:\xampp\htdocs\University Work\Year 3, Term 2\Software development and improvement (Naruephon)\Ebook-Groupwork-Github\cig4ebook\system\Database\BaseConnection.php(607): CodeIgniter\Database\BaseConnection->simpleQuery('INSERT INTO `bo...')
#3 C:\xampp\htdocs\University Work\Year 3, Term 2\Software development and improvement (Naruephon)\Ebook-Groupwork-Github\cig4ebook\system\Database\BaseBuilder.php(2307): CodeIgniter\Database\BaseConnection->query('INSERT INTO `bo...', Array, false)
#4 C:\xampp\htdocs\University Work\Year 3, Term 2\Software development and improvement (Naruephon)\Ebook-Groupwork-Github\cig4ebook\system\Model.php(326): CodeIgniter\Database\BaseBuilder->insert()
#5 C:\xampp\htdocs\University Work\Year 3, Term 2\Software development and improvement (Naruephon)\Ebook-Groupwork-Github\cig4ebook\system\BaseModel.php(802): CodeIgniter\Model->doInsert(Array)
#6 C:\xampp\htdocs\University Work\Year 3, Term 2\Software development and improvement (Naruephon)\Ebook-Groupwork-Github\cig4ebook\system\Model.php(744): CodeIgniter\BaseModel->insert(Array, false)
#7 C:\xampp\htdocs\University Work\Year 3, Term 2\Software development and improvement (Naruephon)\Ebook-Groupwork-Github\cig4ebook\system\BaseModel.php(713): CodeIgniter\Model->insert(Array, false)
#8 C:\xampp\htdocs\University Work\Year 3, Term 2\Software development and improvement (Naruephon)\Ebook-Groupwork-Github\cig4ebook\app\Controllers\Books.php(49): CodeIgniter\BaseModel->save(Array)
#9 C:\xampp\htdocs\University Work\Year 3, Term 2\Software development and improvement (Naruephon)\Ebook-Groupwork-Github\cig4ebook\system\CodeIgniter.php(941): App\Controllers\Books->addBook()
#10 C:\xampp\htdocs\University Work\Year 3, Term 2\Software development and improvement (Naruephon)\Ebook-Groupwork-Github\cig4ebook\system\CodeIgniter.php(502): CodeIgniter\CodeIgniter->runController(Object(App\Controllers\Books))
#11 C:\xampp\htdocs\University Work\Year 3, Term 2\Software development and improvement (Naruephon)\Ebook-Groupwork-Github\cig4ebook\system\CodeIgniter.php(361): CodeIgniter\CodeIgniter->handleRequest(NULL, Object(Config\Cache), false)
#12 C:\xampp\htdocs\University Work\Year 3, Term 2\Software development and improvement (Naruephon)\Ebook-Groupwork-Github\cig4ebook\public\index.php(79): CodeIgniter\CodeIgniter->run()
#13 C:\xampp\htdocs\University Work\Year 3, Term 2\Software development and improvement (Naruephon)\Ebook-Groupwork-Github\cig4ebook\system\Commands\Server\rewrite.php(47): require_once('C:\\xampp\\htdocs...')
#14 {main}
CRITICAL - 2024-03-24 15:05:46 --> CodeIgniter\Database\Exceptions\DatabaseException: Duplicate entry 'jyfjfyfyjfyjyjyjf' for key 'isbn'
in SYSTEMPATH\Database\BaseConnection.php on line 647.
 1 SYSTEMPATH\Database\BaseBuilder.php(2307): CodeIgniter\Database\BaseConnection->query('INSERT INTO `books` (`title`, `category`, `isbn`, `author`, `author_website`, `publisher`, `cover_image`, `is_sample`) VALUES (:title:, :category:, :isbn:, :author:, :author_website:, :publisher:, :cover_image:, :is_sample:)', [...], false)
 2 SYSTEMPATH\Model.php(326): CodeIgniter\Database\BaseBuilder->insert()
 3 SYSTEMPATH\BaseModel.php(802): CodeIgniter\Model->doInsert([...])
 4 SYSTEMPATH\Model.php(744): CodeIgniter\BaseModel->insert([...], false)
 5 SYSTEMPATH\BaseModel.php(713): CodeIgniter\Model->insert([...], false)
 6 APPPATH\Controllers\Books.php(49): CodeIgniter\BaseModel->save([...])
 7 SYSTEMPATH\CodeIgniter.php(941): App\Controllers\Books->addBook()
 8 SYSTEMPATH\CodeIgniter.php(502): CodeIgniter\CodeIgniter->runController(Object(App\Controllers\Books))
 9 SYSTEMPATH\CodeIgniter.php(361): CodeIgniter\CodeIgniter->handleRequest(null, Object(Config\Cache), false)
10 FCPATH\index.php(79): CodeIgniter\CodeIgniter->run()
11 SYSTEMPATH\Commands\Server\rewrite.php(47): require_once('C:\\xampp\\htdocs\\University Work\\Year 3, Term 2\\Software development and improvement (Naruephon)\\Ebook-Groupwork-Github\\cig4ebook\\public\\index.php')
CRITICAL - 2024-03-24 15:05:46 --> [Caused by] CodeIgniter\Database\Exceptions\DatabaseException: Duplicate entry 'jyfjfyfyjfyjyjyjf' for key 'isbn'
in SYSTEMPATH\Database\MySQLi\Connection.php on line 311.
 1 SYSTEMPATH\Database\BaseConnection.php(693): CodeIgniter\Database\MySQLi\Connection->execute('INSERT INTO `books` (`title`, `category`, `isbn`, `author`, `author_website`, `publisher`, `cover_image`, `is_sample`) VALUES (\'อหิหพิหพิด\', \'computers\', \'jyfjfyfyjfyjyjyjf\', \'grddrdrgdrg\', \'https://www.chulabook.com/computer/192222\', \'jfyjfyjjyjffj\', \'1711292746_1ae1658636ec80488c7c.jpg\', 0)')
 2 SYSTEMPATH\Database\BaseConnection.php(607): CodeIgniter\Database\BaseConnection->simpleQuery('INSERT INTO `books` (`title`, `category`, `isbn`, `author`, `author_website`, `publisher`, `cover_image`, `is_sample`) VALUES (\'อหิหพิหพิด\', \'computers\', \'jyfjfyfyjfyjyjyjf\', \'grddrdrgdrg\', \'https://www.chulabook.com/computer/192222\', \'jfyjfyjjyjffj\', \'1711292746_1ae1658636ec80488c7c.jpg\', 0)')
 3 SYSTEMPATH\Database\BaseBuilder.php(2307): CodeIgniter\Database\BaseConnection->query('INSERT INTO `books` (`title`, `category`, `isbn`, `author`, `author_website`, `publisher`, `cover_image`, `is_sample`) VALUES (:title:, :category:, :isbn:, :author:, :author_website:, :publisher:, :cover_image:, :is_sample:)', [...], false)
 4 SYSTEMPATH\Model.php(326): CodeIgniter\Database\BaseBuilder->insert()
 5 SYSTEMPATH\BaseModel.php(802): CodeIgniter\Model->doInsert([...])
 6 SYSTEMPATH\Model.php(744): CodeIgniter\BaseModel->insert([...], false)
 7 SYSTEMPATH\BaseModel.php(713): CodeIgniter\Model->insert([...], false)
 8 APPPATH\Controllers\Books.php(49): CodeIgniter\BaseModel->save([...])
 9 SYSTEMPATH\CodeIgniter.php(941): App\Controllers\Books->addBook()
10 SYSTEMPATH\CodeIgniter.php(502): CodeIgniter\CodeIgniter->runController(Object(App\Controllers\Books))
11 SYSTEMPATH\CodeIgniter.php(361): CodeIgniter\CodeIgniter->handleRequest(null, Object(Config\Cache), false)
12 FCPATH\index.php(79): CodeIgniter\CodeIgniter->run()
13 SYSTEMPATH\Commands\Server\rewrite.php(47): require_once('C:\\xampp\\htdocs\\University Work\\Year 3, Term 2\\Software development and improvement (Naruephon)\\Ebook-Groupwork-Github\\cig4ebook\\public\\index.php')
CRITICAL - 2024-03-24 15:05:46 --> [Caused by] mysqli_sql_exception: Duplicate entry 'jyfjfyfyjfyjyjyjf' for key 'isbn'
in SYSTEMPATH\Database\MySQLi\Connection.php on line 306.
 1 SYSTEMPATH\Database\MySQLi\Connection.php(306): mysqli->query('INSERT INTO `books` (`title`, `category`, `isbn`, `author`, `author_website`, `publisher`, `cover_image`, `is_sample`) VALUES (\'อหิหพิหพิด\', \'computers\', \'jyfjfyfyjfyjyjyjf\', \'grddrdrgdrg\', \'https://www.chulabook.com/computer/192222\', \'jfyjfyjjyjffj\', \'1711292746_1ae1658636ec80488c7c.jpg\', 0)', 0)
 2 SYSTEMPATH\Database\BaseConnection.php(693): CodeIgniter\Database\MySQLi\Connection->execute('INSERT INTO `books` (`title`, `category`, `isbn`, `author`, `author_website`, `publisher`, `cover_image`, `is_sample`) VALUES (\'อหิหพิหพิด\', \'computers\', \'jyfjfyfyjfyjyjyjf\', \'grddrdrgdrg\', \'https://www.chulabook.com/computer/192222\', \'jfyjfyjjyjffj\', \'1711292746_1ae1658636ec80488c7c.jpg\', 0)')
 3 SYSTEMPATH\Database\BaseConnection.php(607): CodeIgniter\Database\BaseConnection->simpleQuery('INSERT INTO `books` (`title`, `category`, `isbn`, `author`, `author_website`, `publisher`, `cover_image`, `is_sample`) VALUES (\'อหิหพิหพิด\', \'computers\', \'jyfjfyfyjfyjyjyjf\', \'grddrdrgdrg\', \'https://www.chulabook.com/computer/192222\', \'jfyjfyjjyjffj\', \'1711292746_1ae1658636ec80488c7c.jpg\', 0)')
 4 SYSTEMPATH\Database\BaseBuilder.php(2307): CodeIgniter\Database\BaseConnection->query('INSERT INTO `books` (`title`, `category`, `isbn`, `author`, `author_website`, `publisher`, `cover_image`, `is_sample`) VALUES (:title:, :category:, :isbn:, :author:, :author_website:, :publisher:, :cover_image:, :is_sample:)', [...], false)
 5 SYSTEMPATH\Model.php(326): CodeIgniter\Database\BaseBuilder->insert()
 6 SYSTEMPATH\BaseModel.php(802): CodeIgniter\Model->doInsert([...])
 7 SYSTEMPATH\Model.php(744): CodeIgniter\BaseModel->insert([...], false)
 8 SYSTEMPATH\BaseModel.php(713): CodeIgniter\Model->insert([...], false)
 9 APPPATH\Controllers\Books.php(49): CodeIgniter\BaseModel->save([...])
10 SYSTEMPATH\CodeIgniter.php(941): App\Controllers\Books->addBook()
11 SYSTEMPATH\CodeIgniter.php(502): CodeIgniter\CodeIgniter->runController(Object(App\Controllers\Books))
12 SYSTEMPATH\CodeIgniter.php(361): CodeIgniter\CodeIgniter->handleRequest(null, Object(Config\Cache), false)
13 FCPATH\index.php(79): CodeIgniter\CodeIgniter->run()
14 SYSTEMPATH\Commands\Server\rewrite.php(47): require_once('C:\\xampp\\htdocs\\University Work\\Year 3, Term 2\\Software development and improvement (Naruephon)\\Ebook-Groupwork-Github\\cig4ebook\\public\\index.php')
